<?xml version="1.0" encoding="UTF-8"?>
<!-- Generated by org.testng.reporters.JUnitReportReporter -->
<testsuite hostname="DESKTOP-3PKNHUN" failures="0" tests="30" name="com.Capium.TestRunFiles.Capium_BK_Reports_runfile" time="1144.514" errors="0" timestamp="2025-06-23T13:18:28 IST" skipped="0">
  <testcase classname="com.Capium.TestRunFiles.Capium_BK_Reports_runfile" name="runScenario" time="39.784"/>
  <testcase classname="com.Capium.TestRunFiles.Capium_BK_Reports_runfile" name="runScenario" time="35.171"/>
  <testcase classname="com.Capium.TestRunFiles.Capium_BK_Reports_runfile" name="runScenario" time="41.061"/>
  <testcase classname="com.Capium.TestRunFiles.Capium_BK_Reports_runfile" name="runScenario" time="39.836"/>
  <testcase classname="com.Capium.TestRunFiles.Capium_BK_Reports_runfile" name="runScenario" time="37.733"/>
  <testcase classname="com.Capium.TestRunFiles.Capium_BK_Reports_runfile" name="runScenario" time="39.364"/>
  <testcase classname="com.Capium.TestRunFiles.Capium_BK_Reports_runfile" name="runScenario" time="36.316"/>
  <testcase classname="com.Capium.TestRunFiles.Capium_BK_Reports_runfile" name="runScenario" time="37.273"/>
  <testcase classname="com.Capium.TestRunFiles.Capium_BK_Reports_runfile" name="runScenario" time="36.901"/>
  <testcase classname="com.Capium.TestRunFiles.Capium_BK_Reports_runfile" name="runScenario" time="37.548"/>
  <testcase classname="com.Capium.TestRunFiles.Capium_BK_Reports_runfile" name="runScenario" time="37.611"/>
  <testcase classname="com.Capium.TestRunFiles.Capium_BK_Reports_runfile" name="runScenario" time="39.662"/>
  <testcase classname="com.Capium.TestRunFiles.Capium_BK_Reports_runfile" name="runScenario" time="41.300"/>
  <testcase classname="com.Capium.TestRunFiles.Capium_BK_Reports_runfile" name="runScenario" time="34.887"/>
  <testcase classname="com.Capium.TestRunFiles.Capium_BK_Reports_runfile" name="runScenario" time="37.951"/>
  <testcase classname="com.Capium.TestRunFiles.Capium_BK_Reports_runfile" name="runScenario" time="31.481"/>
  <testcase classname="com.Capium.TestRunFiles.Capium_BK_Reports_runfile" name="runScenario" time="39.191"/>
  <testcase classname="com.Capium.TestRunFiles.Capium_BK_Reports_runfile" name="runScenario" time="37.848"/>
  <testcase classname="com.Capium.TestRunFiles.Capium_BK_Reports_runfile" name="runScenario" time="41.119"/>
  <testcase classname="com.Capium.TestRunFiles.Capium_BK_Reports_runfile" name="runScenario" time="37.903"/>
  <testcase classname="com.Capium.TestRunFiles.Capium_BK_Reports_runfile" name="runScenario" time="37.786"/>
  <testcase classname="com.Capium.TestRunFiles.Capium_BK_Reports_runfile" name="runScenario" time="38.305"/>
  <testcase classname="com.Capium.TestRunFiles.Capium_BK_Reports_runfile" name="runScenario" time="38.082"/>
  <testcase classname="com.Capium.TestRunFiles.Capium_BK_Reports_runfile" name="runScenario" time="39.248"/>
  <testcase classname="com.Capium.TestRunFiles.Capium_BK_Reports_runfile" name="runScenario" time="36.738"/>
  <testcase classname="com.Capium.TestRunFiles.Capium_BK_Reports_runfile" name="runScenario" time="35.312"/>
  <testcase classname="com.Capium.TestRunFiles.Capium_BK_Reports_runfile" name="runScenario" time="40.183"/>
  <testcase classname="com.Capium.TestRunFiles.Capium_BK_Reports_runfile" name="runScenario" time="41.404"/>
  <testcase classname="com.Capium.TestRunFiles.Capium_BK_Reports_runfile" name="runScenario" time="37.545"/>
  <testcase classname="com.Capium.TestRunFiles.Capium_BK_Reports_runfile" name="runScenario" time="39.971"/>
</testsuite> <!-- com.Capium.TestRunFiles.Capium_BK_Reports_runfile -->
