<?xml version="1.0" encoding="UTF-8"?>
<!-- Generated by org.testng.reporters.JUnitReportReporter -->
<testsuite hostname="DESKTOP-3PKNHUN" failures="0" tests="11" name="com.Capium.TestRunFiles.Capium_BK_Sales_runfile" time="663.733" errors="0" timestamp="2025-06-23T13:18:28 IST" skipped="0">
  <testcase classname="com.Capium.TestRunFiles.Capium_BK_Sales_runfile" name="runScenario" time="47.332"/>
  <testcase classname="com.Capium.TestRunFiles.Capium_BK_Sales_runfile" name="runScenario" time="47.020"/>
  <testcase classname="com.Capium.TestRunFiles.Capium_BK_Sales_runfile" name="runScenario" time="73.842"/>
  <testcase classname="com.Capium.TestRunFiles.Capium_BK_Sales_runfile" name="runScenario" time="101.214"/>
  <testcase classname="com.Capium.TestRunFiles.Capium_BK_Sales_runfile" name="runScenario" time="78.199"/>
  <testcase classname="com.Capium.TestRunFiles.Capium_BK_Sales_runfile" name="runScenario" time="46.137"/>
  <testcase classname="com.Capium.TestRunFiles.Capium_BK_Sales_runfile" name="runScenario" time="67.747"/>
  <testcase classname="com.Capium.TestRunFiles.Capium_BK_Sales_runfile" name="runScenario" time="46.937"/>
  <testcase classname="com.Capium.TestRunFiles.Capium_BK_Sales_runfile" name="runScenario" time="84.490"/>
  <testcase classname="com.Capium.TestRunFiles.Capium_BK_Sales_runfile" name="runScenario" time="34.384"/>
  <testcase classname="com.Capium.TestRunFiles.Capium_BK_Sales_runfile" name="runScenario" time="36.431"/>
</testsuite> <!-- com.Capium.TestRunFiles.Capium_BK_Sales_runfile -->
