<?xml version="1.0" encoding="UTF-8"?>
<!-- Generated by org.testng.reporters.JUnitReportReporter -->
<testsuite hostname="DESKTOP-GMJEKSU" failures="0" tests="1" name="com.Capium.TestRunFiles.Capium_BK_Dashboard_runfile" time="97.876" errors="0" timestamp="2025-06-27T18:07:23 IST" skipped="0">
  <testcase classname="com.Capium.TestRunFiles.Capium_BK_Dashboard_runfile" name="runScenario" time="97.876"/>
</testsuite> <!-- com.Capium.TestRunFiles.Capium_BK_Dashboard_runfile -->
