<?xml version="1.0" encoding="UTF-8"?>
<!-- Generated by org.testng.reporters.JUnitReportReporter -->
<testsuite hostname="DESKTOP-3PKNHUN" failures="0" tests="1" name="com.Capium.TestRunFiles.Capium_BK_Schedule_runfile" time="60.755" errors="0" timestamp="2025-06-23T13:18:28 IST" skipped="0">
  <testcase classname="com.Capium.TestRunFiles.Capium_BK_Schedule_runfile" name="runScenario" time="60.755"/>
</testsuite> <!-- com.Capium.TestRunFiles.Capium_BK_Schedule_runfile -->
