<?xml version="1.0" encoding="UTF-8"?>
<!-- Generated by org.testng.reporters.JUnitReportReporter -->
<testsuite hostname="DESKTOP-3PKNHUN" failures="0" tests="3" name="com.Capium.TestRunFiles.Capium_BK_Contacts_runfile" time="180.740" errors="0" timestamp="2025-06-23T13:18:28 IST" skipped="0">
  <testcase classname="com.Capium.TestRunFiles.Capium_BK_Contacts_runfile" name="runScenario" time="66.107"/>
  <testcase classname="com.Capium.TestRunFiles.Capium_BK_Contacts_runfile" name="runScenario" time="48.678"/>
  <testcase classname="com.Capium.TestRunFiles.Capium_BK_Contacts_runfile" name="runScenario" time="65.955"/>
</testsuite> <!-- com.Capium.TestRunFiles.Capium_BK_Contacts_runfile -->
