<?xml version="1.0" encoding="UTF-8"?>
<!-- Generated by org.testng.reporters.JUnitReportReporter -->
<testsuite hostname="DESKTOP-3PKNHUN" failures="0" tests="7" name="com.Capium.TestRunFiles.Capium_BK_QuickEntry_runfile" time="262.155" errors="0" timestamp="2025-06-23T13:18:28 IST" skipped="0">
  <testcase classname="com.Capium.TestRunFiles.Capium_BK_QuickEntry_runfile" name="runScenario" time="37.319"/>
  <testcase classname="com.Capium.TestRunFiles.Capium_BK_QuickEntry_runfile" name="runScenario" time="31.381"/>
  <testcase classname="com.Capium.TestRunFiles.Capium_BK_QuickEntry_runfile" name="runScenario" time="41.530"/>
  <testcase classname="com.Capium.TestRunFiles.Capium_BK_QuickEntry_runfile" name="runScenario" time="37.966"/>
  <testcase classname="com.Capium.TestRunFiles.Capium_BK_QuickEntry_runfile" name="runScenario" time="40.348"/>
  <testcase classname="com.Capium.TestRunFiles.Capium_BK_QuickEntry_runfile" name="runScenario" time="32.796"/>
  <testcase classname="com.Capium.TestRunFiles.Capium_BK_QuickEntry_runfile" name="runScenario" time="40.815"/>
</testsuite> <!-- com.Capium.TestRunFiles.Capium_BK_QuickEntry_runfile -->
