<?xml version="1.0" encoding="UTF-8"?>
<!-- Generated by org.testng.reporters.JUnitReportReporter -->
<testsuite hostname="DESKTOP-3PKNHUN" failures="0" tests="1" name="com.Capium.TestRunFiles.Capium_BK_purchase_runfile" time="60.830" errors="0" timestamp="2025-06-23T15:45:27 IST" skipped="0">
  <testcase classname="com.Capium.TestRunFiles.Capium_BK_purchase_runfile" name="runScenario" time="60.830"/>
</testsuite> <!-- com.Capium.TestRunFiles.Capium_BK_purchase_runfile -->
