<?xml version="1.0" encoding="UTF-8"?>
<!-- Generated by org.testng.reporters.JUnitReportReporter -->
<testsuite hostname="DESKTOP-GMJEKSU" failures="0" tests="1" name="com.Capium.TestRunFiles.Capium_Login_runfile" time="20.969" errors="0" timestamp="2025-06-30T14:15:14 IST" skipped="0">
  <testcase classname="com.Capium.TestRunFiles.Capium_Login_runfile" name="runScenario" time="20.969"/>
</testsuite> <!-- com.Capium.TestRunFiles.Capium_Login_runfile -->
